<?xml version="1.0" encoding="UTF-8"?>
<testsuite xmlns:xsi="http://www.w3.org/2001/XMLSchema-instance" xsi:noNamespaceSchemaLocation="https://maven.apache.org/surefire/maven-surefire-plugin/xsd/surefire-test-report.xsd" name="com.javasampleapproach.springrest.mysql.SpringRestMySqlApplicationTests" time="56.599" tests="1" errors="0" skipped="0" failures="0">
  <properties>
    <property name="sun.desktop" value="windows"/>
    <property name="awt.toolkit" value="sun.awt.windows.WToolkit"/>
    <property name="file.encoding.pkg" value="sun.io"/>
    <property name="java.specification.version" value="1.8"/>
    <property name="sun.cpu.isalist" value="pentium_pro+mmx pentium_pro pentium+mmx pentium i486 i386 i86"/>
    <property name="sun.jnu.encoding" value="Cp1252"/>
    <property name="java.class.path" value="E:\Angular\spring boot\SpringRestOracle\target\test-classes;E:\Angular\spring boot\SpringRestOracle\target\classes;E:\repo\org\springframework\boot\spring-boot-starter-data-jpa\2.0.3.RELEASE\spring-boot-starter-data-jpa-2.0.3.RELEASE.jar;E:\repo\org\springframework\boot\spring-boot-starter\2.0.3.RELEASE\spring-boot-starter-2.0.3.RELEASE.jar;E:\repo\org\springframework\boot\spring-boot\2.0.3.RELEASE\spring-boot-2.0.3.RELEASE.jar;E:\repo\org\springframework\boot\spring-boot-autoconfigure\2.0.3.RELEASE\spring-boot-autoconfigure-2.0.3.RELEASE.jar;E:\repo\org\springframework\boot\spring-boot-starter-logging\2.0.3.RELEASE\spring-boot-starter-logging-2.0.3.RELEASE.jar;E:\repo\ch\qos\logback\logback-classic\1.2.3\logback-classic-1.2.3.jar;E:\repo\ch\qos\logback\logback-core\1.2.3\logback-core-1.2.3.jar;E:\repo\org\apache\logging\log4j\log4j-to-slf4j\2.10.0\log4j-to-slf4j-2.10.0.jar;E:\repo\org\apache\logging\log4j\log4j-api\2.10.0\log4j-api-2.10.0.jar;E:\repo\org\slf4j\jul-to-slf4j\1.7.25\jul-to-slf4j-1.7.25.jar;E:\repo\javax\annotation\javax.annotation-api\1.3.2\javax.annotation-api-1.3.2.jar;E:\repo\org\yaml\snakeyaml\1.19\snakeyaml-1.19.jar;E:\repo\org\springframework\boot\spring-boot-starter-aop\2.0.3.RELEASE\spring-boot-starter-aop-2.0.3.RELEASE.jar;E:\repo\org\springframework\spring-aop\5.0.7.RELEASE\spring-aop-5.0.7.RELEASE.jar;E:\repo\org\aspectj\aspectjweaver\1.8.13\aspectjweaver-1.8.13.jar;E:\repo\org\springframework\boot\spring-boot-starter-jdbc\2.0.3.RELEASE\spring-boot-starter-jdbc-2.0.3.RELEASE.jar;E:\repo\com\zaxxer\HikariCP\2.7.9\HikariCP-2.7.9.jar;E:\repo\org\springframework\spring-jdbc\5.0.7.RELEASE\spring-jdbc-5.0.7.RELEASE.jar;E:\repo\org\hibernate\hibernate-core\5.2.17.Final\hibernate-core-5.2.17.Final.jar;E:\repo\org\jboss\logging\jboss-logging\3.3.2.Final\jboss-logging-3.3.2.Final.jar;E:\repo\org\hibernate\javax\persistence\hibernate-jpa-2.1-api\1.0.2.Final\hibernate-jpa-2.1-api-1.0.2.Final.jar;E:\repo\org\javassist\javassist\3.22.0-GA\javassist-3.22.0-GA.jar;E:\repo\antlr\antlr\2.7.7\antlr-2.7.7.jar;E:\repo\org\jboss\jandex\2.0.3.Final\jandex-2.0.3.Final.jar;E:\repo\com\fasterxml\classmate\1.3.4\classmate-1.3.4.jar;E:\repo\dom4j\dom4j\1.6.1\dom4j-1.6.1.jar;E:\repo\org\hibernate\common\hibernate-commons-annotations\5.0.1.Final\hibernate-commons-annotations-5.0.1.Final.jar;E:\repo\javax\transaction\javax.transaction-api\1.2\javax.transaction-api-1.2.jar;E:\repo\org\springframework\data\spring-data-jpa\2.0.8.RELEASE\spring-data-jpa-2.0.8.RELEASE.jar;E:\repo\org\springframework\data\spring-data-commons\2.0.8.RELEASE\spring-data-commons-2.0.8.RELEASE.jar;E:\repo\org\springframework\spring-orm\5.0.7.RELEASE\spring-orm-5.0.7.RELEASE.jar;E:\repo\org\springframework\spring-context\5.0.7.RELEASE\spring-context-5.0.7.RELEASE.jar;E:\repo\org\springframework\spring-tx\5.0.7.RELEASE\spring-tx-5.0.7.RELEASE.jar;E:\repo\org\springframework\spring-beans\5.0.7.RELEASE\spring-beans-5.0.7.RELEASE.jar;E:\repo\org\slf4j\slf4j-api\1.7.25\slf4j-api-1.7.25.jar;E:\repo\org\springframework\spring-aspects\5.0.7.RELEASE\spring-aspects-5.0.7.RELEASE.jar;E:\repo\org\springframework\boot\spring-boot-starter-web\2.0.3.RELEASE\spring-boot-starter-web-2.0.3.RELEASE.jar;E:\repo\org\springframework\boot\spring-boot-starter-json\2.0.3.RELEASE\spring-boot-starter-json-2.0.3.RELEASE.jar;E:\repo\com\fasterxml\jackson\core\jackson-databind\2.9.6\jackson-databind-2.9.6.jar;E:\repo\com\fasterxml\jackson\core\jackson-annotations\2.9.0\jackson-annotations-2.9.0.jar;E:\repo\com\fasterxml\jackson\core\jackson-core\2.9.6\jackson-core-2.9.6.jar;E:\repo\com\fasterxml\jackson\datatype\jackson-datatype-jdk8\2.9.6\jackson-datatype-jdk8-2.9.6.jar;E:\repo\com\fasterxml\jackson\datatype\jackson-datatype-jsr310\2.9.6\jackson-datatype-jsr310-2.9.6.jar;E:\repo\com\fasterxml\jackson\module\jackson-module-parameter-names\2.9.6\jackson-module-parameter-names-2.9.6.jar;E:\repo\org\springframework\boot\spring-boot-starter-tomcat\2.0.3.RELEASE\spring-boot-starter-tomcat-2.0.3.RELEASE.jar;E:\repo\org\apache\tomcat\embed\tomcat-embed-core\8.5.31\tomcat-embed-core-8.5.31.jar;E:\repo\org\apache\tomcat\embed\tomcat-embed-el\8.5.31\tomcat-embed-el-8.5.31.jar;E:\repo\org\apache\tomcat\embed\tomcat-embed-websocket\8.5.31\tomcat-embed-websocket-8.5.31.jar;E:\repo\org\hibernate\validator\hibernate-validator\6.0.10.Final\hibernate-validator-6.0.10.Final.jar;E:\repo\javax\validation\validation-api\2.0.1.Final\validation-api-2.0.1.Final.jar;E:\repo\org\springframework\spring-web\5.0.7.RELEASE\spring-web-5.0.7.RELEASE.jar;E:\repo\org\springframework\spring-webmvc\5.0.7.RELEASE\spring-webmvc-5.0.7.RELEASE.jar;E:\repo\org\springframework\spring-expression\5.0.7.RELEASE\spring-expression-5.0.7.RELEASE.jar;E:\repo\com\oracle\ojdbc6\11.2.0\ojdbc6-11.2.0.jar;E:\repo\org\springframework\boot\spring-boot-starter-test\2.0.3.RELEASE\spring-boot-starter-test-2.0.3.RELEASE.jar;E:\repo\org\springframework\boot\spring-boot-test\2.0.3.RELEASE\spring-boot-test-2.0.3.RELEASE.jar;E:\repo\org\springframework\boot\spring-boot-test-autoconfigure\2.0.3.RELEASE\spring-boot-test-autoconfigure-2.0.3.RELEASE.jar;E:\repo\com\jayway\jsonpath\json-path\2.4.0\json-path-2.4.0.jar;E:\repo\net\minidev\json-smart\2.3\json-smart-2.3.jar;E:\repo\net\minidev\accessors-smart\1.2\accessors-smart-1.2.jar;E:\repo\org\ow2\asm\asm\5.0.4\asm-5.0.4.jar;E:\repo\junit\junit\4.12\junit-4.12.jar;E:\repo\org\assertj\assertj-core\3.9.1\assertj-core-3.9.1.jar;E:\repo\org\mockito\mockito-core\2.15.0\mockito-core-2.15.0.jar;E:\repo\net\bytebuddy\byte-buddy\1.7.11\byte-buddy-1.7.11.jar;E:\repo\net\bytebuddy\byte-buddy-agent\1.7.11\byte-buddy-agent-1.7.11.jar;E:\repo\org\objenesis\objenesis\2.6\objenesis-2.6.jar;E:\repo\org\hamcrest\hamcrest-core\1.3\hamcrest-core-1.3.jar;E:\repo\org\hamcrest\hamcrest-library\1.3\hamcrest-library-1.3.jar;E:\repo\org\skyscreamer\jsonassert\1.5.0\jsonassert-1.5.0.jar;E:\repo\com\vaadin\external\google\android-json\0.0.20131108.vaadin1\android-json-0.0.20131108.vaadin1.jar;E:\repo\org\springframework\spring-core\5.0.7.RELEASE\spring-core-5.0.7.RELEASE.jar;E:\repo\org\springframework\spring-jcl\5.0.7.RELEASE\spring-jcl-5.0.7.RELEASE.jar;E:\repo\org\springframework\spring-test\5.0.7.RELEASE\spring-test-5.0.7.RELEASE.jar;E:\repo\org\xmlunit\xmlunit-core\2.5.1\xmlunit-core-2.5.1.jar;"/>
    <property name="java.vm.vendor" value="Oracle Corporation"/>
    <property name="sun.arch.data.model" value="32"/>
    <property name="user.variant" value=""/>
    <property name="java.vendor.url" value="http://java.oracle.com/"/>
    <property name="user.timezone" value="Asia/Calcutta"/>
    <property name="java.vm.specification.version" value="1.8"/>
    <property name="os.name" value="Windows 7"/>
    <property name="user.country" value="IN"/>
    <property name="sun.java.launcher" value="SUN_STANDARD"/>
    <property name="sun.boot.library.path" value="C:\Program Files (x86)\Java\jdk1.8.0_40\jre\bin"/>
    <property name="sun.java.command" value="C:\Users\DHANAR~1\AppData\Local\Temp\surefire4510431993284521937\surefirebooter266883327373988848.jar C:\Users\dhanarajk\AppData\Local\Temp\surefire4510431993284521937 2018-10-17T10-11-55_625-jvmRun1 surefire8295507195711928365tmp surefire_08983958136757542482tmp"/>
    <property name="surefire.test.class.path" value="E:\Angular\spring boot\SpringRestOracle\target\test-classes;E:\Angular\spring boot\SpringRestOracle\target\classes;E:\repo\org\springframework\boot\spring-boot-starter-data-jpa\2.0.3.RELEASE\spring-boot-starter-data-jpa-2.0.3.RELEASE.jar;E:\repo\org\springframework\boot\spring-boot-starter\2.0.3.RELEASE\spring-boot-starter-2.0.3.RELEASE.jar;E:\repo\org\springframework\boot\spring-boot\2.0.3.RELEASE\spring-boot-2.0.3.RELEASE.jar;E:\repo\org\springframework\boot\spring-boot-autoconfigure\2.0.3.RELEASE\spring-boot-autoconfigure-2.0.3.RELEASE.jar;E:\repo\org\springframework\boot\spring-boot-starter-logging\2.0.3.RELEASE\spring-boot-starter-logging-2.0.3.RELEASE.jar;E:\repo\ch\qos\logback\logback-classic\1.2.3\logback-classic-1.2.3.jar;E:\repo\ch\qos\logback\logback-core\1.2.3\logback-core-1.2.3.jar;E:\repo\org\apache\logging\log4j\log4j-to-slf4j\2.10.0\log4j-to-slf4j-2.10.0.jar;E:\repo\org\apache\logging\log4j\log4j-api\2.10.0\log4j-api-2.10.0.jar;E:\repo\org\slf4j\jul-to-slf4j\1.7.25\jul-to-slf4j-1.7.25.jar;E:\repo\javax\annotation\javax.annotation-api\1.3.2\javax.annotation-api-1.3.2.jar;E:\repo\org\yaml\snakeyaml\1.19\snakeyaml-1.19.jar;E:\repo\org\springframework\boot\spring-boot-starter-aop\2.0.3.RELEASE\spring-boot-starter-aop-2.0.3.RELEASE.jar;E:\repo\org\springframework\spring-aop\5.0.7.RELEASE\spring-aop-5.0.7.RELEASE.jar;E:\repo\org\aspectj\aspectjweaver\1.8.13\aspectjweaver-1.8.13.jar;E:\repo\org\springframework\boot\spring-boot-starter-jdbc\2.0.3.RELEASE\spring-boot-starter-jdbc-2.0.3.RELEASE.jar;E:\repo\com\zaxxer\HikariCP\2.7.9\HikariCP-2.7.9.jar;E:\repo\org\springframework\spring-jdbc\5.0.7.RELEASE\spring-jdbc-5.0.7.RELEASE.jar;E:\repo\org\hibernate\hibernate-core\5.2.17.Final\hibernate-core-5.2.17.Final.jar;E:\repo\org\jboss\logging\jboss-logging\3.3.2.Final\jboss-logging-3.3.2.Final.jar;E:\repo\org\hibernate\javax\persistence\hibernate-jpa-2.1-api\1.0.2.Final\hibernate-jpa-2.1-api-1.0.2.Final.jar;E:\repo\org\javassist\javassist\3.22.0-GA\javassist-3.22.0-GA.jar;E:\repo\antlr\antlr\2.7.7\antlr-2.7.7.jar;E:\repo\org\jboss\jandex\2.0.3.Final\jandex-2.0.3.Final.jar;E:\repo\com\fasterxml\classmate\1.3.4\classmate-1.3.4.jar;E:\repo\dom4j\dom4j\1.6.1\dom4j-1.6.1.jar;E:\repo\org\hibernate\common\hibernate-commons-annotations\5.0.1.Final\hibernate-commons-annotations-5.0.1.Final.jar;E:\repo\javax\transaction\javax.transaction-api\1.2\javax.transaction-api-1.2.jar;E:\repo\org\springframework\data\spring-data-jpa\2.0.8.RELEASE\spring-data-jpa-2.0.8.RELEASE.jar;E:\repo\org\springframework\data\spring-data-commons\2.0.8.RELEASE\spring-data-commons-2.0.8.RELEASE.jar;E:\repo\org\springframework\spring-orm\5.0.7.RELEASE\spring-orm-5.0.7.RELEASE.jar;E:\repo\org\springframework\spring-context\5.0.7.RELEASE\spring-context-5.0.7.RELEASE.jar;E:\repo\org\springframework\spring-tx\5.0.7.RELEASE\spring-tx-5.0.7.RELEASE.jar;E:\repo\org\springframework\spring-beans\5.0.7.RELEASE\spring-beans-5.0.7.RELEASE.jar;E:\repo\org\slf4j\slf4j-api\1.7.25\slf4j-api-1.7.25.jar;E:\repo\org\springframework\spring-aspects\5.0.7.RELEASE\spring-aspects-5.0.7.RELEASE.jar;E:\repo\org\springframework\boot\spring-boot-starter-web\2.0.3.RELEASE\spring-boot-starter-web-2.0.3.RELEASE.jar;E:\repo\org\springframework\boot\spring-boot-starter-json\2.0.3.RELEASE\spring-boot-starter-json-2.0.3.RELEASE.jar;E:\repo\com\fasterxml\jackson\core\jackson-databind\2.9.6\jackson-databind-2.9.6.jar;E:\repo\com\fasterxml\jackson\core\jackson-annotations\2.9.0\jackson-annotations-2.9.0.jar;E:\repo\com\fasterxml\jackson\core\jackson-core\2.9.6\jackson-core-2.9.6.jar;E:\repo\com\fasterxml\jackson\datatype\jackson-datatype-jdk8\2.9.6\jackson-datatype-jdk8-2.9.6.jar;E:\repo\com\fasterxml\jackson\datatype\jackson-datatype-jsr310\2.9.6\jackson-datatype-jsr310-2.9.6.jar;E:\repo\com\fasterxml\jackson\module\jackson-module-parameter-names\2.9.6\jackson-module-parameter-names-2.9.6.jar;E:\repo\org\springframework\boot\spring-boot-starter-tomcat\2.0.3.RELEASE\spring-boot-starter-tomcat-2.0.3.RELEASE.jar;E:\repo\org\apache\tomcat\embed\tomcat-embed-core\8.5.31\tomcat-embed-core-8.5.31.jar;E:\repo\org\apache\tomcat\embed\tomcat-embed-el\8.5.31\tomcat-embed-el-8.5.31.jar;E:\repo\org\apache\tomcat\embed\tomcat-embed-websocket\8.5.31\tomcat-embed-websocket-8.5.31.jar;E:\repo\org\hibernate\validator\hibernate-validator\6.0.10.Final\hibernate-validator-6.0.10.Final.jar;E:\repo\javax\validation\validation-api\2.0.1.Final\validation-api-2.0.1.Final.jar;E:\repo\org\springframework\spring-web\5.0.7.RELEASE\spring-web-5.0.7.RELEASE.jar;E:\repo\org\springframework\spring-webmvc\5.0.7.RELEASE\spring-webmvc-5.0.7.RELEASE.jar;E:\repo\org\springframework\spring-expression\5.0.7.RELEASE\spring-expression-5.0.7.RELEASE.jar;E:\repo\com\oracle\ojdbc6\11.2.0\ojdbc6-11.2.0.jar;E:\repo\org\springframework\boot\spring-boot-starter-test\2.0.3.RELEASE\spring-boot-starter-test-2.0.3.RELEASE.jar;E:\repo\org\springframework\boot\spring-boot-test\2.0.3.RELEASE\spring-boot-test-2.0.3.RELEASE.jar;E:\repo\org\springframework\boot\spring-boot-test-autoconfigure\2.0.3.RELEASE\spring-boot-test-autoconfigure-2.0.3.RELEASE.jar;E:\repo\com\jayway\jsonpath\json-path\2.4.0\json-path-2.4.0.jar;E:\repo\net\minidev\json-smart\2.3\json-smart-2.3.jar;E:\repo\net\minidev\accessors-smart\1.2\accessors-smart-1.2.jar;E:\repo\org\ow2\asm\asm\5.0.4\asm-5.0.4.jar;E:\repo\junit\junit\4.12\junit-4.12.jar;E:\repo\org\assertj\assertj-core\3.9.1\assertj-core-3.9.1.jar;E:\repo\org\mockito\mockito-core\2.15.0\mockito-core-2.15.0.jar;E:\repo\net\bytebuddy\byte-buddy\1.7.11\byte-buddy-1.7.11.jar;E:\repo\net\bytebuddy\byte-buddy-agent\1.7.11\byte-buddy-agent-1.7.11.jar;E:\repo\org\objenesis\objenesis\2.6\objenesis-2.6.jar;E:\repo\org\hamcrest\hamcrest-core\1.3\hamcrest-core-1.3.jar;E:\repo\org\hamcrest\hamcrest-library\1.3\hamcrest-library-1.3.jar;E:\repo\org\skyscreamer\jsonassert\1.5.0\jsonassert-1.5.0.jar;E:\repo\com\vaadin\external\google\android-json\0.0.20131108.vaadin1\android-json-0.0.20131108.vaadin1.jar;E:\repo\org\springframework\spring-core\5.0.7.RELEASE\spring-core-5.0.7.RELEASE.jar;E:\repo\org\springframework\spring-jcl\5.0.7.RELEASE\spring-jcl-5.0.7.RELEASE.jar;E:\repo\org\springframework\spring-test\5.0.7.RELEASE\spring-test-5.0.7.RELEASE.jar;E:\repo\org\xmlunit\xmlunit-core\2.5.1\xmlunit-core-2.5.1.jar;"/>
    <property name="sun.cpu.endian" value="little"/>
    <property name="user.home" value="C:\Users\dhanarajk"/>
    <property name="user.language" value="en"/>
    <property name="java.specification.vendor" value="Oracle Corporation"/>
    <property name="java.home" value="C:\Program Files (x86)\Java\jdk1.8.0_40\jre"/>
    <property name="basedir" value="E:\Angular\spring boot\SpringRestOracle"/>
    <property name="file.separator" value="\"/>
    <property name="line.separator" value="&#10;"/>
    <property name="java.vm.specification.vendor" value="Oracle Corporation"/>
    <property name="java.specification.name" value="Java Platform API Specification"/>
    <property name="java.awt.graphicsenv" value="sun.awt.Win32GraphicsEnvironment"/>
    <property name="surefire.real.class.path" value="C:\Users\DHANAR~1\AppData\Local\Temp\surefire4510431993284521937\surefirebooter266883327373988848.jar"/>
    <property name="sun.boot.class.path" value="C:\Program Files (x86)\Java\jdk1.8.0_40\jre\lib\resources.jar;C:\Program Files (x86)\Java\jdk1.8.0_40\jre\lib\rt.jar;C:\Program Files (x86)\Java\jdk1.8.0_40\jre\lib\sunrsasign.jar;C:\Program Files (x86)\Java\jdk1.8.0_40\jre\lib\jsse.jar;C:\Program Files (x86)\Java\jdk1.8.0_40\jre\lib\jce.jar;C:\Program Files (x86)\Java\jdk1.8.0_40\jre\lib\charsets.jar;C:\Program Files (x86)\Java\jdk1.8.0_40\jre\lib\jfr.jar;C:\Program Files (x86)\Java\jdk1.8.0_40\jre\classes"/>
    <property name="user.script" value=""/>
    <property name="sun.management.compiler" value="HotSpot Client Compiler"/>
    <property name="java.runtime.version" value="1.8.0_40-b25"/>
    <property name="user.name" value="dhanarajk"/>
    <property name="path.separator" value=";"/>
    <property name="os.version" value="6.1"/>
    <property name="java.endorsed.dirs" value="C:\Program Files (x86)\Java\jdk1.8.0_40\jre\lib\endorsed"/>
    <property name="java.runtime.name" value="Java(TM) SE Runtime Environment"/>
    <property name="file.encoding" value="Cp1252"/>
    <property name="java.vm.name" value="Java HotSpot(TM) Client VM"/>
    <property name="localRepository" value="E:\repo"/>
    <property name="java.vendor.url.bug" value="http://bugreport.sun.com/bugreport/"/>
    <property name="java.io.tmpdir" value="C:\Users\DHANAR~1\AppData\Local\Temp\"/>
    <property name="java.version" value="1.8.0_40"/>
    <property name="user.dir" value="E:\Angular\spring boot\SpringRestOracle"/>
    <property name="os.arch" value="x86"/>
    <property name="java.vm.specification.name" value="Java Virtual Machine Specification"/>
    <property name="java.awt.printerjob" value="sun.awt.windows.WPrinterJob"/>
    <property name="sun.os.patch.level" value="Service Pack 1"/>
    <property name="java.library.path" value="C:\Program Files (x86)\Java\jdk1.8.0_40\jre\bin;C:\windows\Sun\Java\bin;C:\windows\system32;C:\windows;C:\Program Files (x86)\Common Files\Oracle\Java\javapath;C:\ProgramData\Oracle\Java\javapath;C:\app\dhanarajk\product\11.1.0\client_1\bin;c:\Program Files (x86)\Intel\iCLS Client\;c:\Program Files\Intel\iCLS Client\;C:\windows\system32;C:\windows;C:\windows\System32\Wbem;C:\windows\System32\WindowsPowerShell\v1.0\;C:\Program Files\Intel\Intel(R) Management Engine Components\DAL;C:\Program Files\Intel\Intel(R) Management Engine Components\IPT;C:\Program Files (x86)\Intel\Intel(R) Management Engine Components\DAL;C:\Program Files (x86)\Intel\Intel(R) Management Engine Components\IPT;C:\Program Files\TortoiseSVN\bin;C:\Program Files (x86)\Java\jdk1.8.0_40\bin;C:\Program Files (x86)\Skype\Phone\;C:\Program Files (x86)\Java\jdk1.8.0_40\bin;D:\apache-maven-3.3.1\apache-maven-3.3.1\bin;C:\Program Files (x86)\nodejs\;C:\Program Files\Microsoft VS Code\bin;C:\Program Files\Git\cmd;C:\Users\dhanarajk\AppData\Roaming\npm;."/>
    <property name="java.vm.info" value="mixed mode, sharing"/>
    <property name="java.vendor" value="Oracle Corporation"/>
    <property name="java.vm.version" value="25.40-b25"/>
    <property name="java.ext.dirs" value="C:\Program Files (x86)\Java\jdk1.8.0_40\jre\lib\ext;C:\windows\Sun\Java\lib\ext"/>
    <property name="sun.io.unicode.encoding" value="UnicodeLittle"/>
    <property name="java.class.version" value="52.0"/>
  </properties>
  <testcase name="contextLoads" classname="com.javasampleapproach.springrest.mysql.SpringRestMySqlApplicationTests" time="0.28"/>
</testsuite>